This is pdfTeX, Version 3.1415926-2.5-1.40.14 (TeX Live 2013) (format=pdflatex 2013.12.2)  18 AUG 2014 13:42
entering extended mode
 restricted \write18 enabled.
 file:line:error style messages enabled.
 %&-line parsing enabled.
**paper.tex
(./paper.tex
LaTeX2e <2011/06/27>
Babel <3.9f> and hyphenation patterns for 78 languages loaded.
(/usr/local/texlive/2013/texmf-dist/tex/latex/nag/nag.sty
Package: nag 2011/11/25 0.7 warning about old commands (ulmi)
\c@nag@c=\count79
\c@nag@sins=\count80
Package nag Info: Loaded nag-l2tabu.cfg  on input line 552.

(/usr/local/texlive/2013/texmf-dist/tex/latex/nag/nag-l2tabu.cfg
File: nag-l2tabu.cfg 2010/05/17 v2.11 l2tabu rules for nag.sty (ulmi)
)
Package nag Info: Loaded nag-orthodox.cfg  on input line 552.

(/usr/local/texlive/2013/texmf-dist/tex/latex/nag/nag-orthodox.cfg
File: nag-orthodox.cfg 2006/04/19 v1.8 strict rules for nag.sty (ulmi)
))
(./svjour3.cls
Document Class: svjour3 2007/05/08 v3.2 
LaTeX document class for Springer journals
Class Springer-SVJour3 Info: extra/valid Springer sub-package (-> *.clo) 
(Springer-SVJour3)           not found in option list of \documentclass
(Springer-SVJour3)           - autoactivating "global" style.
(./svglov3.clo
File: svglov3.clo 2009/12/18 v3.2 style option for standardised journals

SVJour Class option: svglov3.clo for standardised journals
)
LaTeX Font Info:    Redeclaring math symbol \Gamma on input line 147.
LaTeX Font Info:    Redeclaring math symbol \Delta on input line 148.
LaTeX Font Info:    Redeclaring math symbol \Theta on input line 149.
LaTeX Font Info:    Redeclaring math symbol \Lambda on input line 150.
LaTeX Font Info:    Redeclaring math symbol \Xi on input line 151.
LaTeX Font Info:    Redeclaring math symbol \Pi on input line 152.
LaTeX Font Info:    Redeclaring math symbol \Sigma on input line 153.
LaTeX Font Info:    Redeclaring math symbol \Upsilon on input line 154.
LaTeX Font Info:    Redeclaring math symbol \Phi on input line 155.
LaTeX Font Info:    Redeclaring math symbol \Psi on input line 156.
LaTeX Font Info:    Redeclaring math symbol \Omega on input line 157.
\logodepth=\dimen102
\headerboxheight=\dimen103
\betweenumberspace=\dimen104
\aftertext=\dimen105
\headlineindent=\dimen106
\c@inst=\count81
\c@auth=\count82
\instindent=\dimen107
\authrun=\box26
\authorrunning=\toks14
\titrun=\box27
\titlerunning=\toks15
\combirun=\box28
\c@lastpage=\count83
\rubricwidth=\dimen108
\c@section=\count84
\c@subsection=\count85
\c@subsubsection=\count86
\c@paragraph=\count87
\c@subparagraph=\count88
\spthmsep=\dimen109
\c@theorem=\count89
\c@case=\count90
\c@conjecture=\count91
\c@corollary=\count92
\c@definition=\count93
\c@example=\count94
\c@exercise=\count95
\c@lemma=\count96
\c@note=\count97
\c@problem=\count98
\c@property=\count99
\c@proposition=\count100
\c@question=\count101
\c@solution=\count102
\c@remark=\count103
\c@figure=\count104
\c@table=\count105
\abovecaptionskip=\skip41
\belowcaptionskip=\skip42
\figcapgap=\dimen110
\tabcapgap=\dimen111
\figgap=\dimen112
\bibindent=\dimen113
\@tempcntc=\count106
) (/usr/local/texlive/2013/texmf-dist/tex/latex/amsmath/amsmath.sty
Package: amsmath 2013/01/14 v2.14 AMS math features
\@mathmargin=\skip43

For additional information on amsmath, use the `?' option.
(/usr/local/texlive/2013/texmf-dist/tex/latex/amsmath/amstext.sty
Package: amstext 2000/06/29 v2.01

(/usr/local/texlive/2013/texmf-dist/tex/latex/amsmath/amsgen.sty
File: amsgen.sty 1999/11/30 v2.0
\@emptytoks=\toks16
\ex@=\dimen114
))
(/usr/local/texlive/2013/texmf-dist/tex/latex/amsmath/amsbsy.sty
Package: amsbsy 1999/11/29 v1.2d
\pmbraise@=\dimen115
)
(/usr/local/texlive/2013/texmf-dist/tex/latex/amsmath/amsopn.sty
Package: amsopn 1999/12/14 v2.01 operator names
)
\inf@bad=\count107
LaTeX Info: Redefining \frac on input line 210.
\uproot@=\count108
\leftroot@=\count109
LaTeX Info: Redefining \overline on input line 306.
\classnum@=\count110
\DOTSCASE@=\count111
LaTeX Info: Redefining \ldots on input line 378.
LaTeX Info: Redefining \dots on input line 381.
LaTeX Info: Redefining \cdots on input line 466.
\Mathstrutbox@=\box29
\strutbox@=\box30
\big@size=\dimen116
LaTeX Font Info:    Redeclaring font encoding OML on input line 566.
LaTeX Font Info:    Redeclaring font encoding OMS on input line 567.


Package amsmath Warning: Unable to redefine math accent \vec.

\macc@depth=\count112
\c@MaxMatrixCols=\count113
\dotsspace@=\muskip10
\c@parentequation=\count114
\dspbrk@lvl=\count115
\tag@help=\toks17
\row@=\count116
\column@=\count117
\maxfields@=\count118
\andhelp@=\toks18
\eqnshift@=\dimen117
\alignsep@=\dimen118
\tagshift@=\dimen119
\tagwidth@=\dimen120
\totwidth@=\dimen121
\lineht@=\dimen122
\@envbody=\toks19
\multlinegap=\skip44
\multlinetaggap=\skip45
\mathdisplay@stack=\toks20
LaTeX Info: Redefining \[ on input line 2665.
LaTeX Info: Redefining \] on input line 2666.
) (/usr/local/texlive/2013/texmf-dist/tex/latex/natbib/natbib.sty
Package: natbib 2010/09/13 8.31b (PWD, AO)
\bibhang=\skip46
\bibsep=\skip47
LaTeX Info: Redefining \cite on input line 694.
\c@NAT@ctr=\count119
)
(/usr/local/texlive/2013/texmf-dist/tex/latex/booktabs/booktabs.sty
Package: booktabs 2005/04/14 v1.61803 publication quality tables
\heavyrulewidth=\dimen123
\lightrulewidth=\dimen124
\cmidrulewidth=\dimen125
\belowrulesep=\dimen126
\belowbottomsep=\dimen127
\aboverulesep=\dimen128
\abovetopsep=\dimen129
\cmidrulesep=\dimen130
\cmidrulekern=\dimen131
\defaultaddspace=\dimen132
\@cmidla=\count120
\@cmidlb=\count121
\@aboverulesep=\dimen133
\@belowrulesep=\dimen134
\@thisruleclass=\count122
\@lastruleclass=\count123
\@thisrulewidth=\dimen135
)
(/usr/local/texlive/2013/texmf-dist/tex/latex/graphics/graphicx.sty
Package: graphicx 1999/02/16 v1.0f Enhanced LaTeX Graphics (DPC,SPQR)

(/usr/local/texlive/2013/texmf-dist/tex/latex/graphics/keyval.sty
Package: keyval 1999/03/16 v1.13 key=value parser (DPC)
\KV@toks@=\toks21
)
(/usr/local/texlive/2013/texmf-dist/tex/latex/graphics/graphics.sty
Package: graphics 2009/02/05 v1.0o Standard LaTeX Graphics (DPC,SPQR)

(/usr/local/texlive/2013/texmf-dist/tex/latex/graphics/trig.sty
Package: trig 1999/03/16 v1.09 sin cos tan (DPC)
)
(/usr/local/texlive/2013/texmf-dist/tex/latex/latexconfig/graphics.cfg
File: graphics.cfg 2010/04/23 v1.9 graphics configuration of TeX Live
)
Package graphics Info: Driver file: pdftex.def on input line 91.

(/usr/local/texlive/2013/texmf-dist/tex/latex/pdftex-def/pdftex.def
File: pdftex.def 2011/05/27 v0.06d Graphics/color for pdfTeX

(/usr/local/texlive/2013/texmf-dist/tex/generic/oberdiek/infwarerr.sty
Package: infwarerr 2010/04/08 v1.3 Providing info/warning/error messages (HO)
)
(/usr/local/texlive/2013/texmf-dist/tex/generic/oberdiek/ltxcmds.sty
Package: ltxcmds 2011/11/09 v1.22 LaTeX kernel commands for general use (HO)
)
\Gread@gobject=\count124
))
\Gin@req@height=\dimen136
\Gin@req@width=\dimen137
)
(/usr/local/texlive/2013/texmf-dist/tex/latex/microtype/microtype.sty
Package: microtype 2013/05/23 v2.5a Micro-typographical refinements (RS)
\MT@toks=\toks22
\MT@count=\count125
LaTeX Info: Redefining \textls on input line 766.
\MT@outer@kern=\dimen138
LaTeX Info: Redefining \textmicrotypecontext on input line 1285.
\MT@listname@count=\count126

(/usr/local/texlive/2013/texmf-dist/tex/latex/microtype/microtype-pdftex.def
File: microtype-pdftex.def 2013/05/23 v2.5a Definitions specific to pdftex (RS)

LaTeX Info: Redefining \lsstyle on input line 915.
LaTeX Info: Redefining \lslig on input line 915.
\MT@outer@space=\skip48
)
Package microtype Info: Loading configuration file microtype.cfg.

(/usr/local/texlive/2013/texmf-dist/tex/latex/microtype/microtype.cfg
File: microtype.cfg 2013/05/23 v2.5a microtype main configuration file (RS)
))
(/usr/local/texlive/2013/texmf-dist/tex/latex/siunitx/siunitx.sty
(/usr/local/texlive/2013/texmf-dist/tex/latex/l3kernel/expl3.sty
(/usr/local/texlive/2013/texmf-dist/tex/latex/l3kernel/l3names.sty
(/usr/local/texlive/2013/texmf-dist/tex/latex/l3kernel/l3bootstrap.sty
Package: l3bootstrap 2013/01/08 v4420 L3 Experimental bootstrap code
)
Package: l3names 2012/12/07 v4346 L3 Namespace for primitives
)
(/usr/local/texlive/2013/texmf-dist/tex/latex/etex-pkg/etex.sty
Package: etex 1998/03/26 v2.0 eTeX basic definition package (PEB)
\et@xins=\count127
)
Package: expl3 2013/03/14 v4469 L3 Experimental code bundle wrapper

(/usr/local/texlive/2013/texmf-dist/tex/latex/l3kernel/l3basics.sty
Package: l3basics 2013/01/10 v4428 L3 Basic definitions
)
(/usr/local/texlive/2013/texmf-dist/tex/latex/l3kernel/l3expan.sty
Package: l3expan 2013/02/03 v4458 L3 Argument expansion
)
(/usr/local/texlive/2013/texmf-dist/tex/latex/l3kernel/l3tl.sty
Package: l3tl 2013/01/08 v4415 L3 Token lists
)
(/usr/local/texlive/2013/texmf-dist/tex/latex/l3kernel/l3seq.sty
Package: l3seq 2013/01/12 v4434 L3 Sequences and stacks
)
(/usr/local/texlive/2013/texmf-dist/tex/latex/l3kernel/l3int.sty
Package: l3int 2013/01/13 v4444 L3 Integers
\c_max_int=\count128
\l_tmpa_int=\count129
\l_tmpb_int=\count130
\g_tmpa_int=\count131
\g_tmpb_int=\count132
)
(/usr/local/texlive/2013/texmf-dist/tex/latex/l3kernel/l3quark.sty
Package: l3quark 2012/11/04 v4268 L3 Quarks
)
(/usr/local/texlive/2013/texmf-dist/tex/latex/l3kernel/l3prg.sty
Package: l3prg 2013/02/13 v4459 L3 Control structures
\g__prg_map_int=\count133
)
(/usr/local/texlive/2013/texmf-dist/tex/latex/l3kernel/l3clist.sty
Package: l3clist 2013/01/08 v4414 L3 Comma separated lists
)
(/usr/local/texlive/2013/texmf-dist/tex/latex/l3kernel/l3token.sty
Package: l3token 2013/01/10 v4428 L3 Experimental token manipulation
)
(/usr/local/texlive/2013/texmf-dist/tex/latex/l3kernel/l3prop.sty
Package: l3prop 2013/01/09 v4423 L3 Property lists
)
(/usr/local/texlive/2013/texmf-dist/tex/latex/l3kernel/l3msg.sty
Package: l3msg 2013/01/08 v4412 L3 Messages
)
(/usr/local/texlive/2013/texmf-dist/tex/latex/l3kernel/l3file.sty
Package: l3file 2013/01/14 v4446 L3 File and I/O operations
\l_iow_line_count_int=\count134
\l__iow_target_count_int=\count135
\l__iow_current_line_int=\count136
\l__iow_current_word_int=\count137
\l__iow_current_indentation_int=\count138
)
(/usr/local/texlive/2013/texmf-dist/tex/latex/l3kernel/l3skip.sty
Package: l3skip 2013/01/13 v4444 L3 Dimensions and skips
\c_zero_dim=\dimen139
\c_max_dim=\dimen140
\l_tmpa_dim=\dimen141
\l_tmpb_dim=\dimen142
\g_tmpa_dim=\dimen143
\g_tmpb_dim=\dimen144
\c_zero_skip=\skip49
\c_max_skip=\skip50
\l_tmpa_skip=\skip51
\l_tmpb_skip=\skip52
\g_tmpa_skip=\skip53
\g_tmpb_skip=\skip54
\c_zero_muskip=\muskip11
\c_max_muskip=\muskip12
\l_tmpa_muskip=\muskip13
\l_tmpb_muskip=\muskip14
\g_tmpa_muskip=\muskip15
\g_tmpb_muskip=\muskip16
)
(/usr/local/texlive/2013/texmf-dist/tex/latex/l3kernel/l3keys.sty
Package: l3keys 2013/02/24 v4461 L3 Experimental key-value interfaces
\g__keyval_level_int=\count139
\l_keys_choice_int=\count140
)
(/usr/local/texlive/2013/texmf-dist/tex/latex/l3kernel/l3fp.sty
Package: l3fp 2013/01/19 v4449 L3 Floating points
\c__fp_leading_shift_int=\count141
\c__fp_middle_shift_int=\count142
\c__fp_trailing_shift_int=\count143
\c__fp_big_leading_shift_int=\count144
\c__fp_big_middle_shift_int=\count145
\c__fp_big_trailing_shift_int=\count146
\c__fp_Bigg_leading_shift_int=\count147
\c__fp_Bigg_middle_shift_int=\count148
\c__fp_Bigg_trailing_shift_int=\count149
)
(/usr/local/texlive/2013/texmf-dist/tex/latex/l3kernel/l3box.sty
Package: l3box 2013/01/08 v4411 L3 Experimental boxes
\c_empty_box=\box31
\l_tmpa_box=\box32
\l_tmpb_box=\box33
\g_tmpa_box=\box34
\g_tmpb_box=\box35
)
(/usr/local/texlive/2013/texmf-dist/tex/latex/l3kernel/l3coffins.sty
Package: l3coffins 2012/09/09 v4212 L3 Coffin code layer
\l__coffin_internal_box=\box36
\l__coffin_internal_dim=\dimen145
\l__coffin_offset_x_dim=\dimen146
\l__coffin_offset_y_dim=\dimen147
\l__coffin_x_dim=\dimen148
\l__coffin_y_dim=\dimen149
\l__coffin_x_prime_dim=\dimen150
\l__coffin_y_prime_dim=\dimen151
\c_empty_coffin=\box37
\l__coffin_aligned_coffin=\box38
\l__coffin_aligned_internal_coffin=\box39
\l_tmpa_coffin=\box40
\l_tmpb_coffin=\box41
\l__coffin_display_coffin=\box42
\l__coffin_display_coord_coffin=\box43
\l__coffin_display_pole_coffin=\box44
\l__coffin_display_offset_dim=\dimen152
\l__coffin_display_x_dim=\dimen153
\l__coffin_display_y_dim=\dimen154
)
(/usr/local/texlive/2013/texmf-dist/tex/latex/l3kernel/l3color.sty
Package: l3color 2012/08/29 v4156 L3 Experimental color support
)
(/usr/local/texlive/2013/texmf-dist/tex/latex/l3kernel/l3luatex.sty
Package: l3luatex 2012/08/03 v4049 L3 Experimental LuaTeX-specific functions
\g__cctab_allocate_int=\count150
\g__cctab_stack_int=\count151
)
(/usr/local/texlive/2013/texmf-dist/tex/latex/l3kernel/l3candidates.sty
Package: l3candidates 2013/03/14 v4468 L3 Experimental additions to l3kernel
\l__box_top_dim=\dimen155
\l__box_bottom_dim=\dimen156
\l__box_left_dim=\dimen157
\l__box_right_dim=\dimen158
\l__box_top_new_dim=\dimen159
\l__box_bottom_new_dim=\dimen160
\l__box_left_new_dim=\dimen161
\l__box_right_new_dim=\dimen162
\l__box_internal_box=\box45
\l__coffin_bounding_shift_dim=\dimen163
\l__coffin_left_corner_dim=\dimen164
\l__coffin_right_corner_dim=\dimen165
\l__coffin_bottom_corner_dim=\dimen166
\l__coffin_top_corner_dim=\dimen167
\l__coffin_scaled_total_height_dim=\dimen168
\l__coffin_scaled_width_dim=\dimen169
)
(/usr/local/texlive/2013/texmf-dist/tex/generic/oberdiek/ifpdf.sty
Package: ifpdf 2011/01/30 v2.3 Provides the ifpdf switch (HO)
Package ifpdf Info: pdfTeX in PDF mode is detected.
))
(/usr/local/texlive/2013/texmf-dist/tex/latex/l3packages/xparse/xparse.sty
Package: xparse 2013/03/12 v4467 L3 Experimental document command parser
\l__xparse_current_arg_int=\count152
\l__xparse_m_args_int=\count153
\l__xparse_mandatory_args_int=\count154
\l__xparse_processor_int=\count155
\l__xparse_v_nesting_int=\count156
)
Package: siunitx 2013/03/11 v2.5q A comprehensive (SI) units package

(/usr/local/texlive/2013/texmf-dist/tex/latex/tools/array.sty
Package: array 2008/09/09 v2.4c Tabular extension package (FMi)
\col@sep=\dimen170
\extrarowheight=\dimen171
\NC@list=\toks23
\extratabsurround=\skip55
\backup@length=\skip56
)
(/usr/local/texlive/2013/texmf-dist/tex/latex/l3packages/l3keys2e/l3keys2e.sty
Package: l3keys2e 2013/03/12 v4467 LaTeX2e option processing using LaTeX3 keys
)
Variant \tl_if_blank:VTF already defined; not changing it on line 50
\l__siunitx_tmp_box=\box46
\l__siunitx_tmp_dim=\dimen172
\l__siunitx_tmp_int=\count157
Variant \prop_get:NVNT already defined; not changing it on line 371
Variant \prop_get:NVNF already defined; not changing it on line 372
Variant \prop_get:NVNTF already defined; not changing it on line 373
\l__siunitx_number_mantissa_length_int=\count158
\l__siunitx_number_uncert_length_int=\count159
\l__siunitx_round_int=\count160
\l__siunitx_process_decimal_int=\count161
\l__siunitx_process_uncertainty_int=\count162
\l__siunitx_process_fixed_int=\count163
\l__siunitx_process_integer_min_int=\count164
\l__siunitx_process_precision_int=\count165
\l__siunitx_group_min_int=\count166
\l__siunitx_angle_marker_box=\box47
\l__siunitx_angle_unit_box=\box48
\l__siunitx_angle_marker_dim=\dimen173
\l__siunitx_angle_unit_dim=\dimen174
\l__siunitx_unit_int=\count167
\l__siunitx_unit_denominator_int=\count168
\l__siunitx_unit_numerator_int=\count169
\l__siunitx_unit_prefix_int=\count170
\l__siunitx_unit_prefix_base_int=\count171
\l__siunitx_unit_prefix_gram_int=\count172
\l__siunitx_number_product_int=\count173
\c__siunitx_one_fill_skip=\skip57
\l__siunitx_table_unit_align_skip=\skip58
\l__siunitx_table_exponent_dim=\dimen175
\l__siunitx_table_integer_dim=\dimen176
\l__siunitx_table_mantissa_dim=\dimen177
\l__siunitx_table_marker_dim=\dimen178
\l__siunitx_table_result_dim=\dimen179
\l__siunitx_table_uncert_dim=\dimen180
\l__siunitx_table_fill_pre_dim=\dimen181
\l__siunitx_table_fill_post_dim=\dimen182
\l__siunitx_table_fill_mid_dim=\dimen183
\l__siunitx_table_pre_box=\box49
\l__siunitx_table_post_box=\box50
\l__siunitx_table_mantissa_box=\box51
\l__siunitx_table_result_box=\box52
\l__siunitx_table_number_align_skip=\skip59
\l__siunitx_table_text_align_skip=\skip60
.................................................
. LaTeX info: "xparse/define-command"
. 
. Defining document command \DeclareBinaryPrefix with arg. spec. 'mmm' on line
. 7101.
.................................................
.................................................
. LaTeX info: "xparse/define-command"
. 
. Defining document command \DeclareSIPostPower with arg. spec. 'mm' on line
. 7104.
.................................................
.................................................
. LaTeX info: "xparse/define-command"
. 
. Defining document command \DeclareSIPrefix with arg. spec. 'mmm' on line
. 7107.
.................................................
.................................................
. LaTeX info: "xparse/define-command"
. 
. Defining document command \DeclareSIPrePower with arg. spec. 'mm' on line
. 7110.
.................................................
.................................................
. LaTeX info: "xparse/define-command"
. 
. Defining document command \DeclareSIQualifier with arg. spec. 'mm' on line
. 7113.
.................................................
.................................................
. LaTeX info: "xparse/define-command"
. 
. Defining document command \DeclareSIUnit with arg. spec. 'O{}mm' on line
. 7116.
.................................................
.................................................
. LaTeX info: "xparse/define-command"
. 
. Defining document command \DeclareSIUnitWithOptions with arg. spec. 'mmm' on
. line 7119.
.................................................
.................................................
. LaTeX info: "xparse/define-command"
. 
. Defining document command \ang with arg. spec. 'o>{\SplitArgument {2}{;}}m'
. on line 7134.
.................................................
.................................................
. LaTeX info: "xparse/define-command"
. 
. Defining document command \num with arg. spec. 'om' on line 7142.
.................................................
.................................................
. LaTeX info: "xparse/define-command"
. 
. Defining document command \numlist with arg. spec. 'o>{\SplitList {;}}m' on
. line 7150.
.................................................
.................................................
. LaTeX info: "xparse/define-command"
. 
. Defining document command \numrange with arg. spec. 'omm' on line 7158.
.................................................
.................................................
. LaTeX info: "xparse/define-command"
. 
. Defining document command \SIlist with arg. spec. 'o>{\SplitList {;}}mm' on
. line 7169.
.................................................
.................................................
. LaTeX info: "xparse/define-command"
. 
. Defining document command \SIrange with arg. spec. 'ommm' on line 7180.
.................................................
.................................................
. LaTeX info: "xparse/define-command"
. 
. Defining document command \SI with arg. spec. 'omom' on line 7191.
.................................................
.................................................
. LaTeX info: "xparse/define-command"
. 
. Defining document command \sisetup with arg. spec. 'm' on line 7194.
.................................................
.................................................
. LaTeX info: "xparse/define-command"
. 
. Defining document command \tablenum with arg. spec. 'om' on line 7206.
.................................................
.................................................
. LaTeX info: "xparse/define-command"
. 
. Defining document command \si with arg. spec. 'om' on line 7217.
.................................................
.................................................
. LaTeX info: "xparse/define-command"
. 
. Defining document command \__siunitx_bookmark_num:w with arg. spec. 'om' on
. line 7262.
.................................................
.................................................
. LaTeX info: "xparse/define-command"
. 
. Defining document command \__siunitx_bookmark_numrange:w with arg. spec.
. 'omm' on line 7264.
.................................................
.................................................
. LaTeX info: "xparse/define-command"
. 
. Defining document command \__siunitx_bookmark_SI:w with arg. spec. 'omom' on
. line 7266.
.................................................
.................................................
. LaTeX info: "xparse/define-command"
. 
. Defining document command \__siunitx_bookmark_SIlist:w with arg. spec. 'omm'
. on line 7268.
.................................................
.................................................
. LaTeX info: "xparse/define-command"
. 
. Defining document command \__siunitx_bookmark_SIrange:w with arg. spec.
. 'ommm' on line 7270.
.................................................
.................................................
. LaTeX info: "xparse/define-command"
. 
. Defining document command \__siunitx_bookmark_si:w with arg. spec. 'om' on
. line 7271.
.................................................
\g__file_internal_ior=\read1
(/usr/local/texlive/2013/texmf-dist/tex/latex/beamer/translator/translator.sty
Package: translator 2010/06/12 ver 1.10

(/usr/local/texlive/2013/texmf-dist/tex/latex/beamer/translator/translator-lang
uage-mappings.tex)))
(/usr/local/texlive/2013/texmf-dist/tex/latex/base/alltt.sty
Package: alltt 1997/06/16 v2.0g defines alltt environment
)
(/usr/local/texlive/2013/texmf-dist/tex/latex/fancyvrb/fancyvrb.sty
Package: fancyvrb 2008/02/07

Style option: `fancyvrb' v2.7a, with DG/SPQR fixes, and firstline=lastline fix 
<2008/02/07> (tvz)
\FV@CodeLineNo=\count174
\FV@InFile=\read2
\FV@TabBox=\box53
\c@FancyVerbLine=\count175
\FV@StepNumber=\count176
\FV@OutFile=\write3
)
(/usr/local/texlive/2013/texmf-dist/tex/latex/wrapfig/wrapfig.sty
\wrapoverhang=\dimen184
\WF@size=\dimen185
\c@WF@wrappedlines=\count177
\WF@box=\box54
\WF@everypar=\toks24
Package: wrapfig 2003/01/31  v 3.6
)
(/usr/local/texlive/2013/texmf-dist/tex/latex/hyperref/hyperref.sty
Package: hyperref 2012/11/06 v6.83m Hypertext links for LaTeX

(/usr/local/texlive/2013/texmf-dist/tex/generic/oberdiek/hobsub-hyperref.sty
Package: hobsub-hyperref 2012/05/28 v1.13 Bundle oberdiek, subset hyperref (HO)


(/usr/local/texlive/2013/texmf-dist/tex/generic/oberdiek/hobsub-generic.sty
Package: hobsub-generic 2012/05/28 v1.13 Bundle oberdiek, subset generic (HO)
Package: hobsub 2012/05/28 v1.13 Construct package bundles (HO)
Package hobsub Info: Skipping package `infwarerr' (already loaded).
Package hobsub Info: Skipping package `ltxcmds' (already loaded).
Package: ifluatex 2010/03/01 v1.3 Provides the ifluatex switch (HO)
Package ifluatex Info: LuaTeX not detected.
Package: ifvtex 2010/03/01 v1.5 Detect VTeX and its facilities (HO)
Package ifvtex Info: VTeX not detected.
Package: intcalc 2007/09/27 v1.1 Expandable calculations with integers (HO)
Package hobsub Info: Skipping package `ifpdf' (already loaded).
Package: etexcmds 2011/02/16 v1.5 Avoid name clashes with e-TeX commands (HO)
Package etexcmds Info: Could not find \expanded.
(etexcmds)             That can mean that you are not using pdfTeX 1.50 or
(etexcmds)             that some package has redefined \expanded.
(etexcmds)             In the latter case, load this package earlier.
Package: kvsetkeys 2012/04/25 v1.16 Key value parser (HO)
Package: kvdefinekeys 2011/04/07 v1.3 Define keys (HO)
Package: pdftexcmds 2011/11/29 v0.20 Utility functions of pdfTeX for LuaTeX (HO
)
Package pdftexcmds Info: LuaTeX not detected.
Package pdftexcmds Info: \pdf@primitive is available.
Package pdftexcmds Info: \pdf@ifprimitive is available.
Package pdftexcmds Info: \pdfdraftmode found.
Package: pdfescape 2011/11/25 v1.13 Implements pdfTeX's escape features (HO)
Package: bigintcalc 2012/04/08 v1.3 Expandable calculations on big integers (HO
)
Package: bitset 2011/01/30 v1.1 Handle bit-vector datatype (HO)
Package: uniquecounter 2011/01/30 v1.2 Provide unlimited unique counter (HO)
)
Package hobsub Info: Skipping package `hobsub' (already loaded).
Package: letltxmacro 2010/09/02 v1.4 Let assignment for LaTeX macros (HO)
Package: hopatch 2012/05/28 v1.2 Wrapper for package hooks (HO)
Package: xcolor-patch 2011/01/30 xcolor patch
Package: atveryend 2011/06/30 v1.8 Hooks at the very end of document (HO)
Package atveryend Info: \enddocument detected (standard20110627).
Package: atbegshi 2011/10/05 v1.16 At begin shipout hook (HO)
Package: refcount 2011/10/16 v3.4 Data extraction from label references (HO)
Package: hycolor 2011/01/30 v1.7 Color options for hyperref/bookmark (HO)
)
(/usr/local/texlive/2013/texmf-dist/tex/generic/ifxetex/ifxetex.sty
Package: ifxetex 2010/09/12 v0.6 Provides ifxetex conditional
)
(/usr/local/texlive/2013/texmf-dist/tex/latex/oberdiek/auxhook.sty
Package: auxhook 2011/03/04 v1.3 Hooks for auxiliary files (HO)
)
(/usr/local/texlive/2013/texmf-dist/tex/latex/oberdiek/kvoptions.sty
Package: kvoptions 2011/06/30 v3.11 Key value format for package options (HO)
)
\@linkdim=\dimen186
\Hy@linkcounter=\count178
\Hy@pagecounter=\count179

(/usr/local/texlive/2013/texmf-dist/tex/latex/hyperref/pd1enc.def
File: pd1enc.def 2012/11/06 v6.83m Hyperref: PDFDocEncoding definition (HO)
)
\Hy@SavedSpaceFactor=\count180

(/usr/local/texlive/2013/texmf-dist/tex/latex/latexconfig/hyperref.cfg
File: hyperref.cfg 2002/06/06 v1.2 hyperref configuration of TeXLive
)
Package hyperref Info: Option `final' set `true' on input line 4319.
Package hyperref Info: Option `colorlinks' set `false' on input line 4319.
Package hyperref Info: Hyper figures OFF on input line 4443.
Package hyperref Info: Link nesting OFF on input line 4448.
Package hyperref Info: Hyper index ON on input line 4451.
Package hyperref Info: Plain pages OFF on input line 4458.
Package hyperref Info: Backreferencing OFF on input line 4463.
Package hyperref Info: Implicit mode ON; LaTeX internals redefined.
Package hyperref Info: Bookmarks ON on input line 4688.
\c@Hy@tempcnt=\count181

(/usr/local/texlive/2013/texmf-dist/tex/latex/url/url.sty
\Urlmuskip=\muskip17
Package: url 2006/04/12  ver 3.3  Verb mode for urls, etc.
)
LaTeX Info: Redefining \url on input line 5041.
\XeTeXLinkMargin=\dimen187
\Fld@menulength=\count182
\Field@Width=\dimen188
\Fld@charsize=\dimen189
Package hyperref Info: Hyper figures OFF on input line 6295.
Package hyperref Info: Link nesting OFF on input line 6300.
Package hyperref Info: Hyper index ON on input line 6303.
Package hyperref Info: backreferencing OFF on input line 6310.
Package hyperref Info: Link coloring OFF on input line 6315.
Package hyperref Info: Link coloring with OCG OFF on input line 6320.
Package hyperref Info: PDF/A mode OFF on input line 6325.
LaTeX Info: Redefining \ref on input line 6365.
LaTeX Info: Redefining \pageref on input line 6369.
\Hy@abspage=\count183
\c@Item=\count184
\c@Hfootnote=\count185
)

Package hyperref Message: Driver (autodetected): hpdftex.

(/usr/local/texlive/2013/texmf-dist/tex/latex/hyperref/hpdftex.def
File: hpdftex.def 2012/11/06 v6.83m Hyperref driver for pdfTeX
\Fld@listcount=\count186
\c@bookmark@seq@number=\count187

(/usr/local/texlive/2013/texmf-dist/tex/latex/oberdiek/rerunfilecheck.sty
Package: rerunfilecheck 2011/04/15 v1.7 Rerun checks for auxiliary files (HO)
Package uniquecounter Info: New unique counter `rerunfilecheck' on input line 2
82.
)
\Hy@SectionHShift=\skip61
)
(/usr/local/texlive/2013/texmf-dist/tex/latex/xcolor/xcolor.sty
Package: xcolor 2007/01/21 v2.11 LaTeX color extensions (UK)

(/usr/local/texlive/2013/texmf-dist/tex/latex/latexconfig/color.cfg
File: color.cfg 2007/01/18 v1.5 color configuration of teTeX/TeXLive
)
Package xcolor Info: Package option `usenames' ignored on input line 216.
Package xcolor Info: Driver file: pdftex.def on input line 225.

(/usr/local/texlive/2013/texmf-dist/tex/latex/colortbl/colortbl.sty
Package: colortbl 2012/02/13 v1.0a Color table columns (DPC)
\everycr=\toks25
\minrowclearance=\skip62
)
\rownum=\count188
Package xcolor Info: Model `cmy' substituted by `cmy0' on input line 1337.
Package xcolor Info: Model `hsb' substituted by `rgb' on input line 1341.
Package xcolor Info: Model `RGB' extended on input line 1353.
Package xcolor Info: Model `HTML' substituted by `rgb' on input line 1355.
Package xcolor Info: Model `Hsb' substituted by `hsb' on input line 1356.
Package xcolor Info: Model `tHsb' substituted by `hsb' on input line 1357.
Package xcolor Info: Model `HSB' substituted by `hsb' on input line 1358.
Package xcolor Info: Model `Gray' substituted by `gray' on input line 1359.
Package xcolor Info: Model `wave' substituted by `hsb' on input line 1360.

(/usr/local/texlive/2013/texmf-dist/tex/latex/graphics/dvipsnam.def
File: dvipsnam.def 1999/02/16 v3.0i Driver-dependant file (DPC,SPQR)
)
(/usr/local/texlive/2013/texmf-dist/tex/latex/xcolor/svgnam.def
File: svgnam.def 2007/01/21 v2.11 Predefined colors according to SVG 1.1 (UK)
))
(/usr/local/texlive/2013/texmf-dist/tex/latex/subfigure/subfigure.sty
Package: subfigure 2002/03/15 v2.1.5 subfigure package
\subfigtopskip=\skip63
\subfigcapskip=\skip64
\subfigcaptopadj=\dimen190
\subfigbottomskip=\skip65
\subfigcapmargin=\dimen191
\subfiglabelskip=\skip66
\c@subfigure=\count189
\c@lofdepth=\count190
\c@subtable=\count191
\c@lotdepth=\count192

****************************************
* Local config file subfigure.cfg used *
****************************************
(/usr/local/texlive/2013/texmf-dist/tex/latex/subfigure/subfigure.cfg)
\subfig@top=\skip67
\subfig@bottom=\skip68
)
(./paper.aux

LaTeX Warning: Label `fig:pkgsgrowth' multiply defined.

)
\openout1 = `paper.aux'.

LaTeX Font Info:    Checking defaults for OML/cmm/m/it on input line 25.
LaTeX Font Info:    ... okay on input line 25.
LaTeX Font Info:    Checking defaults for T1/cmr/m/n on input line 25.
LaTeX Font Info:    ... okay on input line 25.
LaTeX Font Info:    Checking defaults for OT1/cmr/m/n on input line 25.
LaTeX Font Info:    ... okay on input line 25.
LaTeX Font Info:    Checking defaults for OMS/cmsy/m/n on input line 25.
LaTeX Font Info:    ... okay on input line 25.
LaTeX Font Info:    Checking defaults for OMX/cmex/m/n on input line 25.
LaTeX Font Info:    ... okay on input line 25.
LaTeX Font Info:    Checking defaults for U/cmr/m/n on input line 25.
LaTeX Font Info:    ... okay on input line 25.
LaTeX Font Info:    Checking defaults for PD1/pdf/m/n on input line 25.
LaTeX Font Info:    ... okay on input line 25.
Package nag Info: Command \frontmatter not defined, skipping amendment on input
 line 25.
Package nag Info: Command \mainmatter not defined, skipping amendment on input 
line 25.
Package nag Info: Command \backmatter not defined, skipping amendment on input 
line 25.
Package nag Info: Command \RaggedLeft not defined, skipping amendment on input 
line 25.
Package nag Info: Command \RaggedRight not defined, skipping amendment on input
 line 25.

Unknown journal: specify \journalname{<name of your journal>} in preambel

(/usr/local/texlive/2013/texmf-dist/tex/context/base/supp-pdf.mkii
[Loading MPS to PDF converter (version 2006.09.02).]
\scratchcounter=\count193
\scratchdimen=\dimen192
\scratchbox=\box55
\nofMPsegments=\count194
\nofMParguments=\count195
\everyMPshowfont=\toks26
\MPscratchCnt=\count196
\MPscratchDim=\dimen193
\MPnumerator=\count197
\makeMPintoPDFobject=\count198
\everyMPtoPDFconversion=\toks27
) (/usr/local/texlive/2013/texmf-dist/tex/latex/oberdiek/epstopdf-base.sty
Package: epstopdf-base 2010/02/09 v2.5 Base part for package epstopdf

(/usr/local/texlive/2013/texmf-dist/tex/latex/oberdiek/grfext.sty
Package: grfext 2010/08/19 v1.1 Manage graphics extensions (HO)
)
Package grfext Info: Graphics extension search list:
(grfext)             [.png,.pdf,.jpg,.mps,.jpeg,.jbig2,.jb2,.PNG,.PDF,.JPG,.JPE
G,.JBIG2,.JB2,.eps]
(grfext)             \AppendGraphicsExtensions on input line 452.

(/usr/local/texlive/2013/texmf-dist/tex/latex/latexconfig/epstopdf-sys.cfg
File: epstopdf-sys.cfg 2010/07/13 v1.3 Configuration of (r)epstopdf for TeX Liv
e
))
LaTeX Info: Redefining \microtypecontext on input line 25.
Package microtype Info: Generating PDF output.
Package microtype Info: Character protrusion enabled (level 2).
Package microtype Info: Using default protrusion set `alltext'.
Package microtype Info: Automatic font expansion enabled (level 2),
(microtype)             stretch: 20, shrink: 20, step: 1, non-selected.
Package microtype Info: Using default expansion set `basictext'.
Package microtype Info: No adjustment of tracking.
Package microtype Info: No adjustment of interword spacing.
Package microtype Info: No adjustment of character kerning.

(/usr/local/texlive/2013/texmf-dist/tex/latex/microtype/mt-cmr.cfg
File: mt-cmr.cfg 2013/05/19 v2.2 microtype config. file: Computer Modern Roman 
(RS)
)
(/usr/local/texlive/2013/texmf-dist/tex/latex/beamer/translator/dicts/translato
r-basic-dictionary/translator-basic-dictionary-English.dict
Dictionary: translator-basic-dictionary, Language: English 
)
(/usr/local/texlive/2013/texmf-dist/tex/latex/siunitx/config/siunitx-abbreviati
ons.cfg
File: siunitx-abbreviations.cfg 2013/03/11 v2.5q siunitx: Abbreviated units
)
\AtBeginShipoutBox=\box56
Package hyperref Info: Link coloring OFF on input line 25.
 (/usr/local/texlive/2013/texmf-dist/tex/latex/hyperref/nameref.sty
Package: nameref 2012/10/27 v2.43 Cross-referencing by name of section

(/usr/local/texlive/2013/texmf-dist/tex/generic/oberdiek/gettitlestring.sty
Package: gettitlestring 2010/12/03 v1.4 Cleanup title references (HO)
)
\c@section@level=\count199
)
LaTeX Info: Redefining \ref on input line 25.
LaTeX Info: Redefining \pageref on input line 25.
LaTeX Info: Redefining \nameref on input line 25.

(./paper.out) (./paper.out)
\@outlinefile=\write4
\openout4 = `paper.out'.

Package nag Info: Command \caption@xlabel not defined, skipping amendment on in
put line 25.
Package nag Info: Command \captionabove not defined, skipping amendment on inpu
t line 25.
Package nag Info: Command \captionbelow not defined, skipping amendment on inpu
t line 25.
Package nag Info: Command \hc@caption not defined, skipping amendment on input 
line 25.
Package nag Info: Command \topcaption not defined, skipping amendment on input 
line 25.
\c__siunitx_mathsf_int=\count200
Package microtype Info: Loading generic settings for font family
(microtype)             `cmss' (encoding: OT1).
(microtype)             For optimal results, create family-specific settings.
(microtype)             See the microtype manual for details.
\c__siunitx_mathtt_int=\count201
Package microtype Info: Loading generic settings for font family
(microtype)             `cmtt' (encoding: OT1).
(microtype)             For optimal results, create family-specific settings.
(microtype)             See the microtype manual for details.

SVJour3 warning: Missing \journalname
SVJour3 warning: Missing \date

LaTeX Font Warning: Font shape `OT1/cmr/bx/n' in size <13> not available
(Font)              size <12> substituted on input line 34.

(./paper.toc)
\tf@toc=\write5
\openout5 = `paper.toc'.

 [1{/usr/local/texlive/2013/texmf-var/fonts/map/pdftex/updmap/pdftex.map}] [2] 
[3]
Missing character: There is no ‚ in font cmr10!
Missing character: There is no Ä in font cmr10!
Missing character: There is no î in font cmr10!

Overfull \hbox (33.2191pt too wide) in paragraph at lines 100--101
\OT1/cmr/m/n/10 (-20) Up-grade-abil-ity De-scrip-tion For-mat, CUDF [http://www
.mancoosi.org/reports/tr3.pdf],
 []

[4] [5] <Bass.pdf, id=135, 301.125pt x 182.14851pt>
File: Bass.pdf Graphic file (type pdf)
 <use Bass.pdf>
Package pdftex.def Info: Bass.pdf used on input line 152.
(pdftex.def)             Requested size: 169.0pt x 102.23036pt.
 [6 <./Bass.pdf>] [7] [8] [9] [10]
Underfull \hbox (badness 3148) in paragraph at lines 314--315
[][]\OT1/cmr/m/n/10 (+20) Sometimes, pack-age get re-
 []


Underfull \hbox (badness 1231) in paragraph at lines 314--315
\OT1/cmr/m/n/10 (+20) database, this needs to be ac-
 []

[11] <packageCountUnfiltered2.pdf, id=218, 301.125pt x 182.20872pt>
File: packageCountUnfiltered2.pdf Graphic file (type pdf)

<use packageCountUnfiltered2.pdf>
Package pdftex.def Info: packageCountUnfiltered2.pdf used on input line 335.
(pdftex.def)             Requested size: 152.09897pt x 92.0383pt.


Package nag Warning: \label in float, but not after \caption on input line 335.


<packageCountDeltaUnfiltered2.pdf, id=219, 301.125pt x 184.05362pt>
File: packageCountDeltaUnfiltered2.pdf Graphic file (type pdf)

<use packageCountDeltaUnfiltered2.pdf>
Package pdftex.def Info: packageCountDeltaUnfiltered2.pdf used on input line 33
6.
(pdftex.def)             Requested size: 152.09897pt x 92.9702pt.


Package nag Warning: \label in float, but not after \caption on input line 336.


[12 <./packageCountUnfiltered2.pdf> <./packageCountDeltaUnfiltered2.pdf

pdfTeX warning: /usr/texbin/pdflatex (file ./packageCountDeltaUnfiltered2.pdf):
 PDF inclusion: multiple pdfs with page group included in a single page
>] <histo-out.pdf, id=383, 361.35pt x 222.66989pt>
File: histo-out.pdf Graphic file (type pdf)
 <use histo-out.pdf>
Package pdftex.def Info: histo-out.pdf used on input line 348.
(pdftex.def)             Requested size: 152.09897pt x 93.72456pt.


Package nag Warning: \label in float, but not after \caption on input line 348.


<histo-in.pdf, id=384, 361.35pt x 219.02528pt>
File: histo-in.pdf Graphic file (type pdf)
 <use histo-in.pdf>
Package pdftex.def Info: histo-in.pdf used on input line 349.
(pdftex.def)             Requested size: 152.09897pt x 92.1905pt.


Package nag Warning: \label in float, but not after \caption on input line 349.


[13 <./histo-out.pdf> <./histo-in.pdf>]
<kde.pdf, id=410, 597.23125pt x 845.1575pt>
File: kde.pdf Graphic file (type pdf)
 <use kde.pdf>
Package pdftex.def Info: kde.pdf used on input line 363.
(pdftex.def)             Requested size: 338.0pt x 333.17262pt.

Underfull \vbox (badness 10000) has occurred while \output is active []

 [14 <./kde.pdf>] [15] <BassFit-git2.pdf, id=429, 602.25pt x 374.34656pt>
File: BassFit-git2.pdf Graphic file (type pdf)

<use BassFit-git2.pdf>
Package pdftex.def Info: BassFit-git2.pdf used on input line 418.
(pdftex.def)             Requested size: 169.0pt x 105.0448pt.
 [16 <./BassFit-git2.pdf>]
<BassFit-libmad2.pdf, id=529, 602.25pt x 377.13799pt>
File: BassFit-libmad2.pdf Graphic file (type pdf)

<use BassFit-libmad2.pdf>
Package pdftex.def Info: BassFit-libmad2.pdf used on input line 439.
(pdftex.def)             Requested size: 169.0pt x 105.8281pt.
 [17 <./BassFit-libmad2.pdf>]
<BassFit-xulrunner-22.pdf, id=627, 602.25pt x 377.13799pt>
File: BassFit-xulrunner-22.pdf Graphic file (type pdf)

<use BassFit-xulrunner-22.pdf>
Package pdftex.def Info: BassFit-xulrunner-22.pdf used on input line 454.
(pdftex.def)             Requested size: 202.80206pt x 126.99947pt.
 [18 <./BassFit-xulrunner-22.pdf>] [19]
Missing character: There is no ‚ in font cmr10!
Missing character: There is no Ä in font cmr10!
Missing character: There is no ú in font cmr10!
Missing character: There is no ‚ in font cmr10!
Missing character: There is no Ä in font cmr10!
Missing character: There is no ù in font cmr10!
Missing character: There is no ‚ in font cmr10!
Missing character: There is no Ä in font cmr10!
Missing character: There is no ú in font cmr10!
Missing character: There is no ‚ in font cmr10!
Missing character: There is no Ä in font cmr10!
Missing character: There is no ù in font cmr10!
 [20]
<sparkline-173-app-arch-lzma-utils.pdf, id=751, 100.375pt x 25.09375pt>
File: sparkline-173-app-arch-lzma-utils.pdf Graphic file (type pdf)

<use sparkline-173-app-arch-lzma-utils.pdf>
Package pdftex.def Info: sparkline-173-app-arch-lzma-utils.pdf used on input li
ne 516.
(pdftex.def)             Requested size: 27.19963pt x 6.80011pt.

<sparkline-74-app-text-asciidoc.pdf, id=752, 100.375pt x 25.09375pt>
File: sparkline-74-app-text-asciidoc.pdf Graphic file (type pdf)

<use sparkline-74-app-text-asciidoc.pdf>
Package pdftex.def Info: sparkline-74-app-text-asciidoc.pdf used on input line 
517.
(pdftex.def)             Requested size: 27.19963pt x 6.80011pt.

<sparkline-23-app-text-sword-modules.pdf, id=753, 100.375pt x 25.09375pt>
File: sparkline-23-app-text-sword-modules.pdf Graphic file (type pdf)

<use sparkline-23-app-text-sword-modules.pdf>
Package pdftex.def Info: sparkline-23-app-text-sword-modules.pdf used on input 
line 518.
(pdftex.def)             Requested size: 27.19963pt x 6.80011pt.

<sparkline-35-dev-dotnet-gnome-sharp.pdf, id=754, 100.375pt x 25.09375pt>
File: sparkline-35-dev-dotnet-gnome-sharp.pdf Graphic file (type pdf)

<use sparkline-35-dev-dotnet-gnome-sharp.pdf>
Package pdftex.def Info: sparkline-35-dev-dotnet-gnome-sharp.pdf used on input 
line 519.
(pdftex.def)             Requested size: 27.19963pt x 6.80011pt.

<sparkline-166-dev-haskell-hscolour.pdf, id=755, 100.375pt x 25.09375pt>
File: sparkline-166-dev-haskell-hscolour.pdf Graphic file (type pdf)

<use sparkline-166-dev-haskell-hscolour.pdf>
Package pdftex.def Info: sparkline-166-dev-haskell-hscolour.pdf used on input l
ine 520.
(pdftex.def)             Requested size: 27.19963pt x 6.80011pt.

<sparkline-159-dev-haskell-mtl.pdf, id=756, 100.375pt x 25.09375pt>
File: sparkline-159-dev-haskell-mtl.pdf Graphic file (type pdf)

<use sparkline-159-dev-haskell-mtl.pdf>
Package pdftex.def Info: sparkline-159-dev-haskell-mtl.pdf used on input line 5
21.
(pdftex.def)             Requested size: 27.19963pt x 6.80011pt.

<sparkline-146-dev-java-sun-jaf.pdf, id=757, 100.375pt x 25.09375pt>
File: sparkline-146-dev-java-sun-jaf.pdf Graphic file (type pdf)

<use sparkline-146-dev-java-sun-jaf.pdf>
Package pdftex.def Info: sparkline-146-dev-java-sun-jaf.pdf used on input line 
522.
(pdftex.def)             Requested size: 27.19963pt x 6.80011pt.

<sparkline-39-dev-libs-liboil.pdf, id=758, 100.375pt x 25.09375pt>
File: sparkline-39-dev-libs-liboil.pdf Graphic file (type pdf)

<use sparkline-39-dev-libs-liboil.pdf>
Package pdftex.def Info: sparkline-39-dev-libs-liboil.pdf used on input line 52
3.
(pdftex.def)             Requested size: 27.19963pt x 6.80011pt.

<sparkline-222-dev-php-pear.pdf, id=759, 100.375pt x 25.09375pt>
File: sparkline-222-dev-php-pear.pdf Graphic file (type pdf)

<use sparkline-222-dev-php-pear.pdf>
Package pdftex.def Info: sparkline-222-dev-php-pear.pdf used on input line 524.

(pdftex.def)             Requested size: 27.19963pt x 6.80011pt.

<sparkline-150-dev-ruby-hoe.pdf, id=760, 100.375pt x 25.09375pt>
File: sparkline-150-dev-ruby-hoe.pdf Graphic file (type pdf)

<use sparkline-150-dev-ruby-hoe.pdf>
Package pdftex.def Info: sparkline-150-dev-ruby-hoe.pdf used on input line 525.

(pdftex.def)             Requested size: 27.19963pt x 6.80011pt.

<sparkline-51-dev-ruby-rake.pdf, id=761, 100.375pt x 25.09375pt>
File: sparkline-51-dev-ruby-rake.pdf Graphic file (type pdf)

<use sparkline-51-dev-ruby-rake.pdf>
Package pdftex.def Info: sparkline-51-dev-ruby-rake.pdf used on input line 526.

(pdftex.def)             Requested size: 27.19963pt x 6.80011pt.

<sparkline-6-dev-util-cmake.pdf, id=762, 100.375pt x 25.09375pt>
File: sparkline-6-dev-util-cmake.pdf Graphic file (type pdf)

<use sparkline-6-dev-util-cmake.pdf>
Package pdftex.def Info: sparkline-6-dev-util-cmake.pdf used on input line 527.

(pdftex.def)             Requested size: 27.19963pt x 6.80011pt.

<sparkline-198-dev-util-xfce4-dev-tools.pdf, id=763, 100.375pt x 25.09375pt>
File: sparkline-198-dev-util-xfce4-dev-tools.pdf Graphic file (type pdf)

<use sparkline-198-dev-util-xfce4-dev-tools.pdf>
Package pdftex.def Info: sparkline-198-dev-util-xfce4-dev-tools.pdf used on inp
ut line 528.
(pdftex.def)             Requested size: 27.19963pt x 6.80011pt.

<sparkline-122-games-fps-quake3-bin.pdf, id=764, 100.375pt x 25.09375pt>
File: sparkline-122-games-fps-quake3-bin.pdf Graphic file (type pdf)

<use sparkline-122-games-fps-quake3-bin.pdf>
Package pdftex.def Info: sparkline-122-games-fps-quake3-bin.pdf used on input l
ine 529.
(pdftex.def)             Requested size: 27.19963pt x 6.80011pt.

<sparkline-60-kde-base-libkdepim.pdf, id=765, 100.375pt x 25.09375pt>
File: sparkline-60-kde-base-libkdepim.pdf Graphic file (type pdf)

<use sparkline-60-kde-base-libkdepim.pdf>
Package pdftex.def Info: sparkline-60-kde-base-libkdepim.pdf used on input line
 530.
(pdftex.def)             Requested size: 27.19963pt x 6.80011pt.

<sparkline-221-kde-base-oxygen-icons.pdf, id=766, 100.375pt x 25.09375pt>
File: sparkline-221-kde-base-oxygen-icons.pdf Graphic file (type pdf)

<use sparkline-221-kde-base-oxygen-icons.pdf>
Package pdftex.def Info: sparkline-221-kde-base-oxygen-icons.pdf used on input 
line 531.
(pdftex.def)             Requested size: 27.19963pt x 6.80011pt.

<sparkline-152-mail-client-claws-mail.pdf, id=767, 100.375pt x 25.09375pt>
File: sparkline-152-mail-client-claws-mail.pdf Graphic file (type pdf)

<use sparkline-152-mail-client-claws-mail.pdf>
Package pdftex.def Info: sparkline-152-mail-client-claws-mail.pdf used on input
 line 532.
(pdftex.def)             Requested size: 27.19963pt x 6.80011pt.

<sparkline-119-media-fonts-font-cursor-misc.pdf, id=768, 100.375pt x 25.09375pt
>
File: sparkline-119-media-fonts-font-cursor-misc.pdf Graphic file (type pdf)
 <use sparkline-119-media-fonts-font-cursor-misc.pdf>
Package pdftex.def Info: sparkline-119-media-fonts-font-cursor-misc.pdf used on
 input line 533.
(pdftex.def)             Requested size: 27.19963pt x 6.80011pt.

<sparkline-79-media-libs-glew.pdf, id=769, 100.375pt x 25.09375pt>
File: sparkline-79-media-libs-glew.pdf Graphic file (type pdf)

<use sparkline-79-media-libs-glew.pdf>
Package pdftex.def Info: sparkline-79-media-libs-glew.pdf used on input line 53
4.
(pdftex.def)             Requested size: 27.19963pt x 6.80011pt.

<sparkline-187-x11-libs-qt-phonon.pdf, id=770, 100.375pt x 25.09375pt>
File: sparkline-187-x11-libs-qt-phonon.pdf Graphic file (type pdf)

<use sparkline-187-x11-libs-qt-phonon.pdf>
Package pdftex.def Info: sparkline-187-x11-libs-qt-phonon.pdf used on input lin
e 535.
(pdftex.def)             Requested size: 27.19963pt x 6.80011pt.

<sparkline-193-sys-apps-openrc.pdf, id=771, 100.375pt x 25.09375pt>
File: sparkline-193-sys-apps-openrc.pdf Graphic file (type pdf)

<use sparkline-193-sys-apps-openrc.pdf>
Package pdftex.def Info: sparkline-193-sys-apps-openrc.pdf used on input line 5
36.
(pdftex.def)             Requested size: 27.19963pt x 6.80011pt.

<sparkline-72-sys-apps-sandbox.pdf, id=772, 100.375pt x 25.09375pt>
File: sparkline-72-sys-apps-sandbox.pdf Graphic file (type pdf)

<use sparkline-72-sys-apps-sandbox.pdf>
Package pdftex.def Info: sparkline-72-sys-apps-sandbox.pdf used on input line 5
37.
(pdftex.def)             Requested size: 27.19963pt x 6.80011pt.

<sparkline-48-sys-devel-automake-wrapper.pdf, id=773, 100.375pt x 25.09375pt>
File: sparkline-48-sys-devel-automake-wrapper.pdf Graphic file (type pdf)

<use sparkline-48-sys-devel-automake-wrapper.pdf>
Package pdftex.def Info: sparkline-48-sys-devel-automake-wrapper.pdf used on in
put line 538.
(pdftex.def)             Requested size: 27.19963pt x 6.80011pt.

<sparkline-199-x11-libs-libpciaccess.pdf, id=774, 100.375pt x 25.09375pt>
File: sparkline-199-x11-libs-libpciaccess.pdf Graphic file (type pdf)

<use sparkline-199-x11-libs-libpciaccess.pdf>
Package pdftex.def Info: sparkline-199-x11-libs-libpciaccess.pdf used on input 
line 539.
(pdftex.def)             Requested size: 27.19963pt x 6.80011pt.

<sparkline-109-x11-libs-libSM.pdf, id=775, 100.375pt x 25.09375pt>
File: sparkline-109-x11-libs-libSM.pdf Graphic file (type pdf)

<use sparkline-109-x11-libs-libSM.pdf>
Package pdftex.def Info: sparkline-109-x11-libs-libSM.pdf used on input line 54
0.
(pdftex.def)             Requested size: 27.19963pt x 6.80011pt.

<sparkline-86-x11-libs-libXaw.pdf, id=776, 100.375pt x 25.09375pt>
File: sparkline-86-x11-libs-libXaw.pdf Graphic file (type pdf)

<use sparkline-86-x11-libs-libXaw.pdf>
Package pdftex.def Info: sparkline-86-x11-libs-libXaw.pdf used on input line 54
1.
(pdftex.def)             Requested size: 27.19963pt x 6.80011pt.

<sparkline-104-x11-libs-libXdmcp.pdf, id=777, 100.375pt x 25.09375pt>
File: sparkline-104-x11-libs-libXdmcp.pdf Graphic file (type pdf)

<use sparkline-104-x11-libs-libXdmcp.pdf>
Package pdftex.def Info: sparkline-104-x11-libs-libXdmcp.pdf used on input line
 542.
(pdftex.def)             Requested size: 27.19963pt x 6.80011pt.

<sparkline-196-x11-libs-qt-demo.pdf, id=778, 100.375pt x 25.09375pt>
File: sparkline-196-x11-libs-qt-demo.pdf Graphic file (type pdf)

<use sparkline-196-x11-libs-qt-demo.pdf>
Package pdftex.def Info: sparkline-196-x11-libs-qt-demo.pdf used on input line 
543.
(pdftex.def)             Requested size: 27.19963pt x 6.80011pt.

<sparkline-180-x11-libs-qt-opengl.pdf, id=779, 100.375pt x 25.09375pt>
File: sparkline-180-x11-libs-qt-opengl.pdf Graphic file (type pdf)

<use sparkline-180-x11-libs-qt-opengl.pdf>
Package pdftex.def Info: sparkline-180-x11-libs-qt-opengl.pdf used on input lin
e 544.
(pdftex.def)             Requested size: 27.19963pt x 6.80011pt.

<sparkline-185-x11-libs-qt-script.pdf, id=780, 100.375pt x 25.09375pt>
File: sparkline-185-x11-libs-qt-script.pdf Graphic file (type pdf)

<use sparkline-185-x11-libs-qt-script.pdf>
Package pdftex.def Info: sparkline-185-x11-libs-qt-script.pdf used on input lin
e 545.
(pdftex.def)             Requested size: 27.19963pt x 6.80011pt.

<sparkline-34-dev-dotnet-gconf-sharp.pdf, id=781, 100.375pt x 25.09375pt>
File: sparkline-34-dev-dotnet-gconf-sharp.pdf Graphic file (type pdf)

<use sparkline-34-dev-dotnet-gconf-sharp.pdf>
Package pdftex.def Info: sparkline-34-dev-dotnet-gconf-sharp.pdf used on input 
line 557.
(pdftex.def)             Requested size: 27.19963pt x 6.80011pt.

<sparkline-65-dev-haskell-cabal.pdf, id=782, 100.375pt x 25.09375pt>
File: sparkline-65-dev-haskell-cabal.pdf Graphic file (type pdf)

<use sparkline-65-dev-haskell-cabal.pdf>
Package pdftex.def Info: sparkline-65-dev-haskell-cabal.pdf used on input line 
558.
(pdftex.def)             Requested size: 27.19963pt x 6.80011pt.

<sparkline-218-dev-libs-libunique.pdf, id=783, 100.375pt x 25.09375pt>
File: sparkline-218-dev-libs-libunique.pdf Graphic file (type pdf)

<use sparkline-218-dev-libs-libunique.pdf>
Package pdftex.def Info: sparkline-218-dev-libs-libunique.pdf used on input lin
e 559.
(pdftex.def)             Requested size: 27.19963pt x 6.80011pt.

<sparkline-77-dev-python-lxml.pdf, id=784, 100.375pt x 25.09375pt>
File: sparkline-77-dev-python-lxml.pdf Graphic file (type pdf)

<use sparkline-77-dev-python-lxml.pdf>
Package pdftex.def Info: sparkline-77-dev-python-lxml.pdf used on input line 56
0.
(pdftex.def)             Requested size: 27.19963pt x 6.80011pt.

<sparkline-157-dev-python-simplejson.pdf, id=785, 100.375pt x 25.09375pt>
File: sparkline-157-dev-python-simplejson.pdf Graphic file (type pdf)

<use sparkline-157-dev-python-simplejson.pdf>
Package pdftex.def Info: sparkline-157-dev-python-simplejson.pdf used on input 
line 561.
(pdftex.def)             Requested size: 27.19963pt x 6.80011pt.

<sparkline-240-dev-vcs-git.pdf, id=786, 100.375pt x 25.09375pt>
File: sparkline-240-dev-vcs-git.pdf Graphic file (type pdf)

<use sparkline-240-dev-vcs-git.pdf>
Package pdftex.def Info: sparkline-240-dev-vcs-git.pdf used on input line 562.
(pdftex.def)             Requested size: 27.19963pt x 6.80011pt.

<sparkline-242-dev-vcs-mercurial.pdf, id=787, 100.375pt x 25.09375pt>
File: sparkline-242-dev-vcs-mercurial.pdf Graphic file (type pdf)

<use sparkline-242-dev-vcs-mercurial.pdf>
Package pdftex.def Info: sparkline-242-dev-vcs-mercurial.pdf used on input line
 563.
(pdftex.def)             Requested size: 27.19963pt x 6.80011pt.

<sparkline-17-gnome-base-gnome-keyring.pdf, id=788, 100.375pt x 25.09375pt>
File: sparkline-17-gnome-base-gnome-keyring.pdf Graphic file (type pdf)

<use sparkline-17-gnome-base-gnome-keyring.pdf>
Package pdftex.def Info: sparkline-17-gnome-base-gnome-keyring.pdf used on inpu
t line 564.
(pdftex.def)             Requested size: 27.19963pt x 6.80011pt.

<sparkline-206-media-libs-libcanberra.pdf, id=789, 100.375pt x 25.09375pt>
File: sparkline-206-media-libs-libcanberra.pdf Graphic file (type pdf)

<use sparkline-206-media-libs-libcanberra.pdf>
Package pdftex.def Info: sparkline-206-media-libs-libcanberra.pdf used on input
 line 565.
(pdftex.def)             Requested size: 27.19963pt x 6.80011pt.

<sparkline-143-x11-misc-xdg-utils.pdf, id=790, 100.375pt x 25.09375pt>
File: sparkline-143-x11-misc-xdg-utils.pdf Graphic file (type pdf)

<use sparkline-143-x11-misc-xdg-utils.pdf>
Package pdftex.def Info: sparkline-143-x11-misc-xdg-utils.pdf used on input lin
e 566.
(pdftex.def)             Requested size: 27.19963pt x 6.80011pt.

<BassFit-34-dev-dotnet-gconf-sharp.pdf, id=791, 602.25pt x 388.20331pt>
File: BassFit-34-dev-dotnet-gconf-sharp.pdf Graphic file (type pdf)

<use BassFit-34-dev-dotnet-gconf-sharp.pdf>
Package pdftex.def Info: BassFit-34-dev-dotnet-gconf-sharp.pdf used on input li
ne 589.
(pdftex.def)             Requested size: 152.09897pt x 98.03981pt.


Package nag Warning: \label in float, but not after \caption on input line 589.


<BassFit-65-dev-haskell-cabal.pdf, id=792, 602.25pt x 381.30254pt>
File: BassFit-65-dev-haskell-cabal.pdf Graphic file (type pdf)

<use BassFit-65-dev-haskell-cabal.pdf>
Package pdftex.def Info: BassFit-65-dev-haskell-cabal.pdf used on input line 59
0.
(pdftex.def)             Requested size: 152.09897pt x 96.29703pt.


Package nag Warning: \label in float, but not after \caption on input line 590.


<BassFit-218-dev-libs-libunique.pdf, id=793, 602.25pt x 388.20331pt>
File: BassFit-218-dev-libs-libunique.pdf Graphic file (type pdf)

<use BassFit-218-dev-libs-libunique.pdf>
Package pdftex.def Info: BassFit-218-dev-libs-libunique.pdf used on input line 
591.
(pdftex.def)             Requested size: 152.09897pt x 98.03981pt.


Package nag Warning: \label in float, but not after \caption on input line 591.


<BassFit-77-dev-python-lxml.pdf, id=794, 602.25pt x 388.20331pt>
File: BassFit-77-dev-python-lxml.pdf Graphic file (type pdf)

<use BassFit-77-dev-python-lxml.pdf>
Package pdftex.def Info: BassFit-77-dev-python-lxml.pdf used on input line 592.

(pdftex.def)             Requested size: 152.09897pt x 98.03981pt.


Package nag Warning: \label in float, but not after \caption on input line 592.


<BassFit-157-dev-python-simplejson.pdf, id=795, 602.25pt x 388.20331pt>
File: BassFit-157-dev-python-simplejson.pdf Graphic file (type pdf)

<use BassFit-157-dev-python-simplejson.pdf>
Package pdftex.def Info: BassFit-157-dev-python-simplejson.pdf used on input li
ne 593.
(pdftex.def)             Requested size: 152.09897pt x 98.03981pt.


Package nag Warning: \label in float, but not after \caption on input line 593.


<BassFit-240-dev-vcs-git.pdf, id=796, 602.25pt x 384.88893pt>
File: BassFit-240-dev-vcs-git.pdf Graphic file (type pdf)

<use BassFit-240-dev-vcs-git.pdf>
Package pdftex.def Info: BassFit-240-dev-vcs-git.pdf used on input line 594.
(pdftex.def)             Requested size: 152.09897pt x 97.20277pt.


Package nag Warning: \label in float, but not after \caption on input line 594.


<BassFit-242-dev-vcs-mercurial.pdf, id=797, 602.25pt x 395.41626pt>
File: BassFit-242-dev-vcs-mercurial.pdf Graphic file (type pdf)

<use BassFit-242-dev-vcs-mercurial.pdf>
Package pdftex.def Info: BassFit-242-dev-vcs-mercurial.pdf used on input line 5
95.
(pdftex.def)             Requested size: 152.09897pt x 99.86142pt.


Package nag Warning: \label in float, but not after \caption on input line 595.


<BassFit-17-gnome-base-gnome-keyring.pdf, id=798, 602.25pt x 403.80562pt>
File: BassFit-17-gnome-base-gnome-keyring.pdf Graphic file (type pdf)

<use BassFit-17-gnome-base-gnome-keyring.pdf>
Package pdftex.def Info: BassFit-17-gnome-base-gnome-keyring.pdf used on input 
line 596.
(pdftex.def)             Requested size: 152.09897pt x 101.98013pt.


Package nag Warning: \label in float, but not after \caption on input line 596.


<BassFit-206-media-libs-libcanberra.pdf, id=799, 602.25pt x 388.20331pt>
File: BassFit-206-media-libs-libcanberra.pdf Graphic file (type pdf)

<use BassFit-206-media-libs-libcanberra.pdf>
Package pdftex.def Info: BassFit-206-media-libs-libcanberra.pdf used on input l
ine 597.
(pdftex.def)             Requested size: 152.09897pt x 98.03981pt.


Package nag Warning: \label in float, but not after \caption on input line 597.


<BassFit-143-x11-misc-xdg-utils.pdf, id=800, 602.25pt x 388.20331pt>
File: BassFit-143-x11-misc-xdg-utils.pdf Graphic file (type pdf)

<use BassFit-143-x11-misc-xdg-utils.pdf>
Package pdftex.def Info: BassFit-143-x11-misc-xdg-utils.pdf used on input line 
598.
(pdftex.def)             Requested size: 152.09897pt x 98.03981pt.


Package nag Warning: \label in float, but not after \caption on input line 598.



LaTeX Warning: Float too large for page by 67.46887pt on input line 600.


Underfull \vbox (badness 10000) has occurred while \output is active []

 [21 <./sparkline-173-app-arch-lzma-utils.pdf> <./sparkline-74-app-text-asciido
c.pdf> <./sparkline-23-app-text-sword-modules.pdf> <./sparkline-35-dev-dotnet-g
nome-sharp.pdf> <./sparkline-166-dev-haskell-hscolour.pdf> <./sparkline-159-dev
-haskell-mtl.pdf> <./sparkline-146-dev-java-sun-jaf.pdf> <./sparkline-39-dev-li
bs-liboil.pdf> <./sparkline-222-dev-php-pear.pdf> <./sparkline-150-dev-ruby-hoe
.pdf> <./sparkline-51-dev-ruby-rake.pdf> <./sparkline-6-dev-util-cmake.pdf> <./
sparkline-198-dev-util-xfce4-dev-tools.pdf> <./sparkline-122-games-fps-quake3-b
in.pdf> <./sparkline-60-kde-base-libkdepim.pdf> <./sparkline-221-kde-base-oxyge
n-icons.pdf> <./sparkline-152-mail-client-claws-mail.pdf> <./sparkline-119-medi
a-fonts-font-cursor-misc.pdf> <./sparkline-79-media-libs-glew.pdf> <./sparkline
-187-x11-libs-qt-phonon.pdf> <./sparkline-193-sys-apps-openrc.pdf> <./sparkline
-72-sys-apps-sandbox.pdf> <./sparkline-48-sys-devel-automake-wrapper.pdf> <./sp
arkline-199-x11-libs-libpciaccess.pdf> <./sparkline-109-x11-libs-libSM.pdf> <./
sparkline-86-x11-libs-libXaw.pdf> <./sparkline-104-x11-libs-libXdmcp.pdf> <./sp
arkline-196-x11-libs-qt-demo.pdf> <./sparkline-180-x11-libs-qt-opengl.pdf> <./s
parkline-185-x11-libs-qt-script.pdf>] [22 <./BassFit-34-dev-dotnet-gconf-sharp.
pdf> <./BassFit-65-dev-haskell-cabal.pdf> <./BassFit-218-dev-libs-libunique.pdf
> <./BassFit-77-dev-python-lxml.pdf> <./BassFit-157-dev-python-simplejson.pdf> 
<./BassFit-240-dev-vcs-git.pdf> <./BassFit-242-dev-vcs-mercurial.pdf> <./BassFi
t-17-gnome-base-gnome-keyring.pdf> <./BassFit-206-media-libs-libcanberra.pdf> <
./BassFit-143-x11-misc-xdg-utils.pdf>] [23 <./sparkline-34-dev-dotnet-gconf-sha
rp.pdf> <./sparkline-65-dev-haskell-cabal.pdf> <./sparkline-218-dev-libs-libuni
que.pdf> <./sparkline-77-dev-python-lxml.pdf> <./sparkline-157-dev-python-simpl
ejson.pdf> <./sparkline-240-dev-vcs-git.pdf> <./sparkline-242-dev-vcs-mercurial
.pdf> <./sparkline-17-gnome-base-gnome-keyring.pdf> <./sparkline-206-media-libs
-libcanberra.pdf> <./sparkline-143-x11-misc-xdg-utils.pdf>] (./paper.bbl
Underfull \vbox (badness 10000) has occurred while \output is active []

 [24]
[25])

Package nag Warning: 14 complaints in total.

Package atveryend Info: Empty hook `BeforeClearDocument' on input line 653.
[26]
Package atveryend Info: Empty hook `AfterLastShipout' on input line 653.
 (./paper.aux)
Package atveryend Info: Executing hook `AtVeryEndDocument' on input line 653.
Package atveryend Info: Executing hook `AtEndAfterFileList' on input line 653.
Package rerunfilecheck Info: File `paper.out' has not changed.
(rerunfilecheck)             Checksum: 1A358C70151FFFB751A79D8AB6633E8C;344.


LaTeX Font Warning: Size substitutions with differences
(Font)              up to 1.0pt have occurred.


LaTeX Warning: There were multiply-defined labels.

Package atveryend Info: Empty hook `AtVeryVeryEnd' on input line 653.
 )
(\end occurred when \ifx on line 89 was incomplete)
(\end occurred when \ifx on line 89 was incomplete)
(\end occurred when \ifx on line 89 was incomplete)
(\end occurred when \ifx on line 89 was incomplete)
(\end occurred when \ifx on line 89 was incomplete)
(\end occurred when \ifx on line 89 was incomplete)
(\end occurred when \ifx on line 89 was incomplete)
(\end occurred when \ifx on line 89 was incomplete)
(\end occurred when \ifx on line 89 was incomplete)
(\end occurred when \ifx on line 89 was incomplete)
(\end occurred when \ifx on line 86 was incomplete)
(\end occurred when \ifx on line 86 was incomplete)
(\end occurred when \ifx on line 86 was incomplete)
(\end occurred when \ifx on line 86 was incomplete)
(\end occurred when \ifx on line 86 was incomplete)
(\end occurred when \ifx on line 86 was incomplete)
(\end occurred when \ifx on line 86 was incomplete)
(\end occurred when \ifx on line 86 was incomplete)
(\end occurred when \ifx on line 86 was incomplete)
(\end occurred when \ifx on line 86 was incomplete)
(\end occurred when \ifx on line 81 was incomplete)
(\end occurred when \ifx on line 81 was incomplete)
(\end occurred when \ifx on line 81 was incomplete)
(\end occurred when \ifx on line 81 was incomplete)
(\end occurred when \ifx on line 81 was incomplete)
(\end occurred when \ifx on line 81 was incomplete)
(\end occurred when \ifx on line 81 was incomplete)
(\end occurred when \ifx on line 81 was incomplete)
(\end occurred when \ifx on line 81 was incomplete)
(\end occurred when \ifx on line 81 was incomplete)
(\end occurred when \ifx on line 71 was incomplete)
(\end occurred when \ifx on line 71 was incomplete)
(\end occurred when \ifx on line 71 was incomplete)
(\end occurred when \ifx on line 71 was incomplete)
(\end occurred when \ifx on line 71 was incomplete)
(\end occurred when \ifx on line 71 was incomplete)
(\end occurred when \ifx on line 71 was incomplete)
(\end occurred when \ifx on line 71 was incomplete)
(\end occurred when \ifx on line 71 was incomplete)
(\end occurred when \ifx on line 71 was incomplete)
(\end occurred when \ifx on line 71 was incomplete)
(\end occurred when \ifx on line 71 was incomplete)
(\end occurred when \ifx on line 71 was incomplete)
(\end occurred when \ifx on line 71 was incomplete)
(\end occurred when \ifx on line 71 was incomplete)
(\end occurred when \ifx on line 71 was incomplete)
(\end occurred when \ifx on line 71 was incomplete)
(\end occurred when \ifx on line 71 was incomplete)
(\end occurred when \ifx on line 71 was incomplete)
(\end occurred when \ifx on line 71 was incomplete)
(\end occurred when \ifx on line 71 was incomplete)
(\end occurred when \ifx on line 71 was incomplete)
(\end occurred when \ifx on line 71 was incomplete)
(\end occurred when \ifx on line 71 was incomplete)
(\end occurred when \ifx on line 71 was incomplete)
(\end occurred when \ifx on line 71 was incomplete)
(\end occurred when \ifx on line 71 was incomplete)
(\end occurred when \ifx on line 71 was incomplete)
(\end occurred when \ifx on line 71 was incomplete)
(\end occurred when \ifx on line 71 was incomplete)
(\end occurred when \ifx on line 64 was incomplete)
(\end occurred when \ifx on line 64 was incomplete)
(\end occurred when \ifx on line 64 was incomplete)
(\end occurred when \ifx on line 64 was incomplete)
(\end occurred when \ifx on line 64 was incomplete)
(\end occurred when \ifx on line 64 was incomplete)
(\end occurred when \ifx on line 64 was incomplete)
(\end occurred when \ifx on line 64 was incomplete)
(\end occurred when \ifx on line 64 was incomplete)
(\end occurred when \ifx on line 64 was incomplete)
(\end occurred when \ifx on line 64 was incomplete)
(\end occurred when \ifx on line 64 was incomplete)
(\end occurred when \ifx on line 64 was incomplete)
(\end occurred when \ifx on line 64 was incomplete)
(\end occurred when \ifx on line 64 was incomplete)
(\end occurred when \ifx on line 64 was incomplete)
(\end occurred when \ifx on line 64 was incomplete)
(\end occurred when \ifx on line 64 was incomplete)
(\end occurred when \ifx on line 64 was incomplete)
(\end occurred when \ifx on line 64 was incomplete)
(\end occurred when \ifx on line 64 was incomplete)
(\end occurred when \ifx on line 64 was incomplete)
(\end occurred when \ifx on line 64 was incomplete)
(\end occurred when \ifx on line 64 was incomplete)
(\end occurred when \ifx on line 64 was incomplete)
(\end occurred when \ifx on line 64 was incomplete)
(\end occurred when \ifx on line 64 was incomplete)
(\end occurred when \ifx on line 64 was incomplete)
(\end occurred when \ifx on line 64 was incomplete)
(\end occurred when \ifx on line 64 was incomplete) 
Here is how much of TeX's memory you used:
 18252 strings out of 493315
 351717 string characters out of 6137904
 448431 words of memory out of 5000000
 21184 multiletter control sequences out of 15000+600000
 17423 words of font info for 111 fonts, out of 8000000 for 9000
 957 hyphenation exceptions out of 8191
 41i,14n,35p,1589b,850s stack positions out of 5000i,500n,10000p,200000b,80000s
</usr/local/texlive/2013/tex
mf-dist/fonts/type1/public/amsfonts/cm/cmbsy10.pfb></usr/local/texlive/2013/tex
mf-dist/fonts/type1/public/amsfonts/cm/cmbx10.pfb></usr/local/texlive/2013/texm
f-dist/fonts/type1/public/amsfonts/cm/cmbx12.pfb></usr/local/texlive/2013/texmf
-dist/fonts/type1/public/amsfonts/cm/cmbx8.pfb></usr/local/texlive/2013/texmf-d
ist/fonts/type1/public/amsfonts/cm/cmex10.pfb></usr/local/texlive/2013/texmf-di
st/fonts/type1/public/amsfonts/cm/cmmi10.pfb></usr/local/texlive/2013/texmf-dis
t/fonts/type1/public/amsfonts/cm/cmmi7.pfb></usr/local/texlive/2013/texmf-dist/
fonts/type1/public/amsfonts/cm/cmmi8.pfb></usr/local/texlive/2013/texmf-dist/fo
nts/type1/public/amsfonts/cm/cmr10.pfb></usr/local/texlive/2013/texmf-dist/font
s/type1/public/amsfonts/cm/cmr5.pfb></usr/local/texlive/2013/texmf-dist/fonts/t
ype1/public/amsfonts/cm/cmr6.pfb></usr/local/texlive/2013/texmf-dist/fonts/type
1/public/amsfonts/cm/cmr7.pfb></usr/local/texlive/2013/texmf-dist/fonts/type1/p
ublic/amsfonts/cm/cmr8.pfb></usr/local/texlive/2013/texmf-dist/fonts/type1/publ
ic/amsfonts/cm/cmsy10.pfb></usr/local/texlive/2013/texmf-dist/fonts/type1/publi
c/amsfonts/cm/cmsy6.pfb></usr/local/texlive/2013/texmf-dist/fonts/type1/public/
amsfonts/cm/cmsy7.pfb></usr/local/texlive/2013/texmf-dist/fonts/type1/public/am
sfonts/cm/cmsy8.pfb></usr/local/texlive/2013/texmf-dist/fonts/type1/public/amsf
onts/cm/cmti10.pfb></usr/local/texlive/2013/texmf-dist/fonts/type1/public/amsfo
nts/cm/cmti8.pfb></usr/local/texlive/2013/texmf-dist/fonts/type1/public/amsfont
s/cm/cmtt10.pfb></usr/local/texlive/2013/texmf-dist/fonts/type1/public/amsfonts
/cm/cmtt8.pfb>
Output written on paper.pdf (26 pages, 3725864 bytes).
PDF statistics:
 1125 PDF objects out of 1200 (max. 8388607)
 854 compressed objects within 9 object streams
 113 named destinations out of 1000 (max. 500000)
 23902 words of extra memory for PDF output out of 24883 (max. 10000000)

